<?xml version="1.0" encoding="UTF-8"?>
<!-- Generated by org.testng.reporters.JUnitReportReporter -->
<testsuite hostname="ABHISHEK" failures="0" tests="2" name="DataSetCheckData" time="5.122" errors="0" timestamp="2025-06-01T14:53:28 IST" skipped="0">
  <testcase classname="DataSetCheckData" name="setApi" time="1.965"/>
  <testcase classname="DataSetCheckData" name="setApi" time="3.157"/>
</testsuite> <!-- DataSetCheckData -->
