<?xml version="1.0" encoding="UTF-8"?>
<!-- Generated by org.testng.reporters.JUnitReportReporter -->
<testsuite hostname="ABHISHEK" failures="0" tests="1" name="DataProviderTahat" time="0.013" errors="0" timestamp="2025-06-01T14:03:42 IST" skipped="0">
  <testcase classname="DataProviderTahat" name="setData" time="0.013"/>
</testsuite> <!-- DataProviderTahat -->
