<?xml version="1.0" encoding="UTF-8"?>
<!-- Generated by org.testng.reporters.JUnitReportReporter -->
<testsuite hostname="ABHISHEK" failures="0" tests="3" name="TestNgDataProvider" time="0.017" errors="0" timestamp="2025-06-01T13:53:59 IST" skipped="0">
  <testcase classname="TestNgDataProvider" name="checkData" time="0.003"/>
  <testcase classname="TestNgDataProvider" name="checkData" time="0.002"/>
  <testcase classname="TestNgDataProvider" name="checkData" time="0.012"/>
</testsuite> <!-- TestNgDataProvider -->
