<?xml version="1.0" encoding="UTF-8"?>
<!-- Generated by org.testng.reporters.JUnitReportReporter -->
<testsuite hostname="ABHISHEK" failures="0" tests="1" name="DataCheckData" time="30.522" errors="0" timestamp="2025-05-31T18:33:25 IST" skipped="0">
  <testcase classname="DataCheckData" name="set" time="30.522"/>
</testsuite> <!-- DataCheckData -->
